0 info it worked if it ends with ok
1 verbose cli [
1 verbose cli   'C:\\Program Files\\nodejs\\node.exe',
1 verbose cli   'C:\\Program Files\\nodejs\\node_modules\\npm\\bin\\npm-cli.js',
1 verbose cli   'run',
1 verbose cli   'test',
1 verbose cli   '--no-cache'
1 verbose cli ]
2 info using npm@6.14.8
3 info using node@v14.10.0
4 verbose run-script [ 'pretest', 'test', 'posttest' ]
5 info lifecycle clikalia-departments@0.1.0~pretest: clikalia-departments@0.1.0
6 info lifecycle clikalia-departments@0.1.0~test: clikalia-departments@0.1.0
7 verbose lifecycle clikalia-departments@0.1.0~test: unsafe-perm in lifecycle true
8 verbose lifecycle clikalia-departments@0.1.0~test: PATH: C:\Program Files\nodejs\node_modules\npm\node_modules\npm-lifecycle\node-gyp-bin;D:\Users\DESAROLLO6\Documents\Evaluaciones\clikalia-departments\node_modules\.bin;C:\Program Files\Common Files\Oracle\Java\javapath;C:\Windows\system32;C:\Windows;C:\Windows\System32\Wbem;C:\Windows\System32\WindowsPowerShell\v1.0\;C:\Windows\System32\OpenSSH\;C:\Program Files\dotnet\;C:\Program Files\Microsoft\Azure Functions Core Tools\;C:\Program Files\Microsoft SQL Server\150\Tools\Binn\;C:\Program Files\Microsoft SQL Server\Client SDK\ODBC\170\Tools\Binn\;C:\Program Files\Git\cmd;C:\Program Files\nodejs\;D:\Users\DESAROLLO6\AppData\Roaming\Hyper;;C:\Program Files\Docker\Docker\resources\bin;C:\ProgramData\DockerDesktop\version-bin;D:\Users\DESAROLLO6\AppData\Local\Microsoft\WindowsApps;D:\Users\DESAROLLO6\AppData\Local\Programs\Microsoft VS Code\bin;D:\Users\DESAROLLO6\.dotnet\tools;D:\Users\DESAROLLO6\AppData\Roaming\npm;D:\Users\DESAROLLO6\AppData\Local\Programs\Hyper\resources\bin;D:\Users\DESAROLLO6\AppData\Roaming\Hyper;D:\Users\DESAROLLO6\AppData\Local\GitHubDesktop\bin
9 verbose lifecycle clikalia-departments@0.1.0~test: CWD: D:\Users\DESAROLLO6\Documents\Evaluaciones\clikalia-departments
10 silly lifecycle clikalia-departments@0.1.0~test: Args: [ '/d /s /c', 'jest' ]
11 silly lifecycle clikalia-departments@0.1.0~test: Returned: code: 1  signal: null
12 info lifecycle clikalia-departments@0.1.0~test: Failed to exec test script
13 verbose stack Error: clikalia-departments@0.1.0 test: `jest`
13 verbose stack Exit status 1
13 verbose stack     at EventEmitter.<anonymous> (C:\Program Files\nodejs\node_modules\npm\node_modules\npm-lifecycle\index.js:332:16)
13 verbose stack     at EventEmitter.emit (events.js:314:20)
13 verbose stack     at ChildProcess.<anonymous> (C:\Program Files\nodejs\node_modules\npm\node_modules\npm-lifecycle\lib\spawn.js:55:14)
13 verbose stack     at ChildProcess.emit (events.js:314:20)
13 verbose stack     at maybeClose (internal/child_process.js:1047:16)
13 verbose stack     at Process.ChildProcess._handle.onexit (internal/child_process.js:287:5)
14 verbose pkgid clikalia-departments@0.1.0
15 verbose cwd D:\Users\DESAROLLO6\Documents\Evaluaciones\clikalia-departments
16 verbose Windows_NT 10.0.19043
17 verbose argv "C:\\Program Files\\nodejs\\node.exe" "C:\\Program Files\\nodejs\\node_modules\\npm\\bin\\npm-cli.js" "run" "test" "--no-cache"
18 verbose node v14.10.0
19 verbose npm  v6.14.8
20 error code ELIFECYCLE
21 error errno 1
22 error clikalia-departments@0.1.0 test: `jest`
22 error Exit status 1
23 error Failed at the clikalia-departments@0.1.0 test script.
23 error This is probably not a problem with npm. There is likely additional logging output above.
24 verbose exit [ 1, true ]
